{
  "RSpec": {
    "coverage": {
      "/home/infoway/Workspace/estudos/cathfy/cathfy-api/app/models/card.rb": [
        1,
        1,
        1,
        1,
        null,
        1,
        null,
        null
      ],
      "/home/infoway/Workspace/estudos/cathfy/cathfy-api/app/models/application_record.rb": [
        1,
        1,
        null
      ],
      "/home/infoway/Workspace/estudos/cathfy/cathfy-api/app/models/user.rb": [
        1,
        null,
        1,
        null,
        1,
        null,
        null,
        1,
        1,
        null,
        1,
        14,
        null,
        null,
        null,
        1,
        1,
        1,
        1,
        null,
        null,
        1,
        0,
        null,
        null,
        null,
        1,
        0,
        null,
        null
      ],
      "/home/infoway/Workspace/estudos/cathfy/cathfy-api/app/models/list.rb": [
        1,
        1,
        1,
        null,
        1,
        null,
        1,
        null,
        1,
        0,
        0,
        0,
        null,
        null,
        null
      ],
      "/home/infoway/Workspace/estudos/cathfy/cathfy-api/app/serializers/item_serializer.rb": [
        0,
        0,
        0
      ],
      "/home/infoway/Workspace/estudos/cathfy/cathfy-api/app/serializers/card_serializer.rb": [
        0,
        0,
        null,
        0,
        0,
        0,
        null,
        0,
        0,
        0,
        0,
        null,
        0
      ],
      "/home/infoway/Workspace/estudos/cathfy/cathfy-api/app/serializers/board_serializer.rb": [
        0,
        0,
        null,
        0,
        0,
        0,
        0
      ],
      "/home/infoway/Workspace/estudos/cathfy/cathfy-api/app/serializers/list_serializer.rb": [
        0,
        0,
        null,
        0,
        0
      ],
      "/home/infoway/Workspace/estudos/cathfy/cathfy-api/app/jobs/application_job.rb": [
        0,
        0
      ],
      "/home/infoway/Workspace/estudos/cathfy/cathfy-api/app/controllers/application_controller.rb": [
        0,
        0,
        0
      ],
      "/home/infoway/Workspace/estudos/cathfy/cathfy-api/app/controllers/api/v1/user_token_controller.rb": [
        0,
        0,
        0
      ],
      "/home/infoway/Workspace/estudos/cathfy/cathfy-api/app/controllers/api/v1/lists_controller.rb": [
        0,
        0,
        0,
        0,
        0,
        0,
        null,
        0,
        0,
        0,
        0,
        null,
        0,
        null,
        0,
        0,
        0,
        0,
        0,
        0,
        null,
        0,
        null,
        null,
        0,
        0,
        0,
        0,
        0,
        0,
        0,
        0,
        0,
        0,
        0,
        0
      ],
      "/home/infoway/Workspace/estudos/cathfy/cathfy-api/app/controllers/api/v1/items_controller.rb": [
        0,
        0,
        0,
        0,
        null,
        0,
        0,
        0,
        0,
        null,
        0,
        0,
        0,
        0,
        0,
        0,
        0,
        0,
        null,
        0,
        null,
        0,
        0,
        0,
        null,
        0,
        0,
        0
      ],
      "/home/infoway/Workspace/estudos/cathfy/cathfy-api/app/controllers/api/v1/cards_controller.rb": [
        0,
        0,
        0,
        0,
        null,
        0,
        0,
        0,
        0,
        0,
        0,
        0,
        0,
        0,
        null,
        0,
        0,
        0,
        0,
        0,
        0,
        0,
        0,
        null,
        0,
        0,
        null,
        0,
        0,
        0,
        0,
        0,
        null,
        0,
        0,
        null,
        0,
        null,
        0,
        0,
        0,
        null,
        0,
        0,
        0,
        null,
        0,
        0,
        0
      ],
      "/home/infoway/Workspace/estudos/cathfy/cathfy-api/app/controllers/api/v1/users_controller.rb": [
        0,
        null,
        0,
        0,
        0,
        null,
        null,
        0,
        0,
        0,
        null,
        null,
        0,
        0,
        0,
        0,
        0,
        0,
        null,
        null,
        0,
        0,
        0,
        0,
        0,
        0,
        null,
        null,
        0,
        0,
        0,
        0,
        0,
        0,
        null,
        null,
        null,
        0,
        0,
        0,
        0,
        null,
        0,
        null,
        null,
        0,
        0,
        0,
        null,
        null,
        null,
        0,
        0,
        0,
        0
      ],
      "/home/infoway/Workspace/estudos/cathfy/cathfy-api/app/controllers/api/v1/boards_controller.rb": [
        0,
        0,
        null,
        0,
        0,
        0,
        0,
        null,
        0,
        0,
        0,
        0,
        0,
        0,
        0,
        0,
        null,
        0,
        null,
        null,
        0,
        0,
        0,
        0
      ],
      "/home/infoway/Workspace/estudos/cathfy/cathfy-api/app/channels/application_cable/connection.rb": [
        0,
        0,
        0,
        0
      ],
      "/home/infoway/Workspace/estudos/cathfy/cathfy-api/app/channels/application_cable/channel.rb": [
        0,
        0,
        0,
        0
      ],
      "/home/infoway/Workspace/estudos/cathfy/cathfy-api/app/models/board.rb": [
        0,
        null,
        0,
        0,
        null,
        0,
        0,
        0,
        0,
        0,
        0,
        null,
        0,
        0,
        0,
        0,
        null,
        0,
        0,
        0,
        0,
        null,
        0,
        0,
        0,
        0,
        0,
        0,
        0
      ],
      "/home/infoway/Workspace/estudos/cathfy/cathfy-api/app/models/item.rb": [
        0,
        0,
        0
      ],
      "/home/infoway/Workspace/estudos/cathfy/cathfy-api/app/models/label.rb": [
        0,
        0
      ],
      "/home/infoway/Workspace/estudos/cathfy/cathfy-api/app/mailers/application_mailer.rb": [
        0,
        0,
        0,
        0
      ]
    },
    "timestamp": 1570021314
  }
}
